#
# There is insufficient memory for the Java Runtime Environment to continue.
# Native memory allocation (malloc) failed to allocate 1402816 bytes for Chunk::new
# Possible reasons:
#   The system is out of physical RAM or swap space
#   In 32 bit mode, the process size limit was hit
# Possible solutions:
#   Reduce memory load on the system
#   Increase physical memory or swap space
#   Check if swap backing store is full
#   Use 64 bit Java on a 64 bit OS
#   Decrease Java heap size (-Xmx/-Xms)
#   Decrease number of Java threads
#   Decrease Java thread stack sizes (-Xss)
#   Set larger code cache with -XX:ReservedCodeCacheSize=
# This output file may be truncated or incomplete.
#
#  Out of Memory Error (allocation.cpp:390), pid=13664, tid=0x0000000000003600
#
# JRE version: OpenJDK Runtime Environment (8.0_152-b02) (build 1.8.0_152-release-1024-b02)
# Java VM: OpenJDK 64-Bit Server VM (25.152-b02 mixed mode windows-amd64 compressed oops)
# Failed to write core dump. Minidumps are not enabled by default on client versions of Windows
#

---------------  T H R E A D  ---------------

Current thread (0x00000000190db000):  JavaThread "C2 CompilerThread2" daemon [_thread_in_native, id=13824, stack(0x0000000019a50000,0x0000000019b50000)]

Stack: [0x0000000019a50000,0x0000000019b50000]
[error occurred during error reporting (printing stack bounds), id 0xc0000005]

Native frames: (J=compiled Java code, j=interpreted, Vv=VM code, C=native code)


Current CompileTask:
C2:   3983 1791       4       java.net.URLClassLoader$1::run (5 bytes)


---------------  P R O C E S S  ---------------

Java Threads: ( => current thread )
  0x000000001ce89800 JavaThread "Cache worker for file hash cache (C:\Users\coc\AndroidStudioProjects\Quiz\.gradle\4.4\fileHashes)" [_thread_blocked, id=14132, stack(0x000000001db70000,0x000000001dc70000)]
  0x000000001b0cd000 JavaThread "File lock request listener" [_thread_in_native, id=14128, stack(0x000000001caa0000,0x000000001cba0000)]
  0x000000001b0cc000 JavaThread "Cache worker for file hash cache (C:\Users\coc\.gradle\caches\4.4\fileHashes)" [_thread_blocked, id=14120, stack(0x000000001c9a0000,0x000000001caa0000)]
  0x000000001ad20000 JavaThread "Stdin handler" [_thread_blocked, id=14016, stack(0x000000001c5a0000,0x000000001c6a0000)]
  0x000000001ad1c800 JavaThread "Asynchronous log dispatcher for DefaultDaemonConnection: socket connection from /127.0.0.1:7120 to /127.0.0.1:7121" [_thread_blocked, id=14012, stack(0x000000001c4a0000,0x000000001c5a0000)]
  0x000000001ad11000 JavaThread "Daemon worker" [_thread_in_native, id=14000, stack(0x000000001c3a0000,0x000000001c4a0000)]
  0x0000000019eb8800 JavaThread "Cancel handler" [_thread_blocked, id=13996, stack(0x000000001c2a0000,0x000000001c3a0000)]
  0x000000001ae6e000 JavaThread "Handler for socket connection from /127.0.0.1:7120 to /127.0.0.1:7121" [_thread_in_native, id=13992, stack(0x000000001bfa0000,0x000000001c0a0000)]
  0x000000001ae5f000 JavaThread "Daemon" [_thread_blocked, id=13988, stack(0x000000001bea0000,0x000000001bfa0000)]
  0x000000001ae0d800 JavaThread "Daemon periodic checks" [_thread_blocked, id=13984, stack(0x000000001bda0000,0x000000001bea0000)]
  0x000000001ae04000 JavaThread "Incoming local TCP Connector on port 7120" [_thread_in_native, id=13980, stack(0x000000001bb60000,0x000000001bc60000)]
  0x0000000019166000 JavaThread "Service Thread" daemon [_thread_blocked, id=13856, stack(0x0000000019c50000,0x0000000019d50000)]
  0x00000000190df000 JavaThread "C1 CompilerThread3" daemon [_thread_blocked, id=13828, stack(0x0000000019b50000,0x0000000019c50000)]
=>0x00000000190db000 JavaThread "C2 CompilerThread2" daemon [_thread_in_native, id=13824, stack(0x0000000019a50000,0x0000000019b50000)]
  0x000000001908b000 JavaThread "C2 CompilerThread1" daemon [_thread_in_native, id=13820, stack(0x0000000019950000,0x0000000019a50000)]
  0x0000000019086800 JavaThread "C2 CompilerThread0" daemon [_thread_blocked, id=13816, stack(0x0000000019850000,0x0000000019950000)]
  0x0000000017199000 JavaThread "Attach Listener" daemon [_thread_blocked, id=13812, stack(0x0000000019750000,0x0000000019850000)]
  0x0000000019076800 JavaThread "Signal Dispatcher" daemon [_thread_blocked, id=13808, stack(0x0000000019650000,0x0000000019750000)]
  0x00000000033ce800 JavaThread "Finalizer" daemon [_thread_blocked, id=13788, stack(0x0000000019450000,0x0000000019550000)]
  0x00000000033c7000 JavaThread "Reference Handler" daemon [_thread_blocked, id=13784, stack(0x0000000018f50000,0x0000000019050000)]
  0x00000000032d2800 JavaThread "main" [_thread_blocked, id=13744, stack(0x00000000031d0000,0x00000000032d0000)]

Other Threads:
  0x0000000017185800 VMThread [stack: 0x0000000018e50000,0x0000000018f50000] [id=13780]
  0x0000000019139000 WatcherThread [stack: 0x0000000019d50000,0x0000000019e50000] [id=13860]

VM state:not at safepoint (normal execution)

VM Mutex/Monitor currently owned by a thread: None

Heap:
 PSYoungGen      total 38400K, used 6397K [0x00000000e0000000, 0x00000000e2a80000, 0x0000000100000000)
  eden space 33280K, 6% used [0x00000000e0000000,0x00000000e022f6b0,0x00000000e2080000)
  from space 5120K, 81% used [0x00000000e2580000,0x00000000e298ffe8,0x00000000e2a80000)
  to   space 5120K, 0% used [0x00000000e2080000,0x00000000e2080000,0x00000000e2580000)
 ParOldGen       total 59904K, used 7888K [0x00000000a0000000, 0x00000000a3a80000, 0x00000000e0000000)
  object space 59904K, 13% used [0x00000000a0000000,0x00000000a07b4050,0x00000000a3a80000)
 Metaspace       used 24350K, capacity 24800K, committed 25088K, reserved 1071104K
  class space    used 3364K, capacity 3527K, committed 3584K, reserved 1048576K

Card table byte_map: [0x0000000012790000,0x0000000012aa0000] byte_map_base: 0x0000000012290000

Marking Bits: (ParMarkBitMap*) 0x0000000066524970
 Begin Bits: [0x00000000134a0000, 0x0000000014ca0000)
 End Bits:   [0x0000000014ca0000, 0x00000000164a0000)

Polling page: 0x0000000001420000

CodeCache: size=245760Kb used=7692Kb max_used=7692Kb free=238068Kb
 bounds [0x00000000033d0000, 0x0000000003b60000, 0x00000000123d0000]
 total_blobs=2573 nmethods=1940 adapters=546
 compilation: enabled

Compilation events (10 events):
Event: 3.965 Thread 0x0000000019086800 1937   !   4       java.lang.ref.Finalizer::remove (94 bytes)
Event: 3.966 Thread 0x0000000019086800 nmethod 1937 0x0000000003b573d0 code [0x0000000003b57520, 0x0000000003b57818]
Event: 3.972 Thread 0x00000000190df000 1939       3       java.io.ByteArrayOutputStream::<init> (7 bytes)
Event: 3.972 Thread 0x00000000190df000 nmethod 1939 0x0000000003b55bd0 code [0x0000000003b55d40, 0x0000000003b55ec8]
Event: 3.973 Thread 0x00000000190df000 1940       3       java.util.StringTokenizer::<init> (8 bytes)
Event: 3.973 Thread 0x00000000190df000 nmethod 1940 0x0000000003b55850 code [0x0000000003b559c0, 0x0000000003b55b48]
Event: 3.977 Thread 0x00000000190df000 1941       3       com.google.common.collect.ImmutableMap::entryOf (15 bytes)
Event: 3.977 Thread 0x00000000190df000 nmethod 1941 0x0000000003b55010 code [0x0000000003b551a0, 0x0000000003b555d8]
Event: 3.977 Thread 0x00000000190df000 1942       3       com.google.common.collect.ImmutableMap$Builder::put (35 bytes)
Event: 3.978 Thread 0x00000000190df000 nmethod 1942 0x0000000003b535d0 code [0x0000000003b53820, 0x0000000003b546b8]

GC Heap History (10 events):
Event: 2.582 GC heap before
{Heap before GC invocations=3 (full 0):
 PSYoungGen      total 38400K, used 38383K [0x00000000e0000000, 0x00000000e2a80000, 0x0000000100000000)
  eden space 33280K, 100% used [0x00000000e0000000,0x00000000e2080000,0x00000000e2080000)
  from space 5120K, 99% used [0x00000000e2580000,0x00000000e2a7bd48,0x00000000e2a80000)
  to   space 5120K, 0% used [0x00000000e2080000,0x00000000e2080000,0x00000000e2580000)
 ParOldGen       total 87552K, used 600K [0x00000000a0000000, 0x00000000a5580000, 0x00000000e0000000)
  object space 87552K, 0% used [0x00000000a0000000,0x00000000a00962d0,0x00000000a5580000)
 Metaspace       used 14515K, capacity 14870K, committed 14976K, reserved 1062912K
  class space    used 2028K, capacity 2155K, committed 2176K, reserved 1048576K
Event: 2.587 GC heap after
Heap after GC invocations=3 (full 0):
 PSYoungGen      total 38400K, used 5091K [0x00000000e0000000, 0x00000000e2a80000, 0x0000000100000000)
  eden space 33280K, 0% used [0x00000000e0000000,0x00000000e0000000,0x00000000e2080000)
  from space 5120K, 99% used [0x00000000e2080000,0x00000000e2578d00,0x00000000e2580000)
  to   space 5120K, 0% used [0x00000000e2580000,0x00000000e2580000,0x00000000e2a80000)
 ParOldGen       total 87552K, used 2712K [0x00000000a0000000, 0x00000000a5580000, 0x00000000e0000000)
  object space 87552K, 3% used [0x00000000a0000000,0x00000000a02a6138,0x00000000a5580000)
 Metaspace       used 14515K, capacity 14870K, committed 14976K, reserved 1062912K
  class space    used 2028K, capacity 2155K, committed 2176K, reserved 1048576K
}
Event: 3.131 GC heap before
{Heap before GC invocations=4 (full 0):
 PSYoungGen      total 38400K, used 38371K [0x00000000e0000000, 0x00000000e2a80000, 0x0000000100000000)
  eden space 33280K, 100% used [0x00000000e0000000,0x00000000e2080000,0x00000000e2080000)
  from space 5120K, 99% used [0x00000000e2080000,0x00000000e2578d00,0x00000000e2580000)
  to   space 5120K, 0% used [0x00000000e2580000,0x00000000e2580000,0x00000000e2a80000)
 ParOldGen       total 87552K, used 2712K [0x00000000a0000000, 0x00000000a5580000, 0x00000000e0000000)
  object space 87552K, 3% used [0x00000000a0000000,0x00000000a02a6138,0x00000000a5580000)
 Metaspace       used 17814K, capacity 18256K, committed 18432K, reserved 1064960K
  class space    used 2562K, capacity 2718K, committed 2816K, reserved 1048576K
Event: 3.139 GC heap after
Heap after GC invocations=4 (full 0):
 PSYoungGen      total 38400K, used 5088K [0x00000000e0000000, 0x00000000e2a80000, 0x0000000100000000)
  eden space 33280K, 0% used [0x00000000e0000000,0x00000000e0000000,0x00000000e2080000)
  from space 5120K, 99% used [0x00000000e2580000,0x00000000e2a78060,0x00000000e2a80000)
  to   space 5120K, 0% used [0x00000000e2080000,0x00000000e2080000,0x00000000e2580000)
 ParOldGen       total 87552K, used 6108K [0x00000000a0000000, 0x00000000a5580000, 0x00000000e0000000)
  object space 87552K, 6% used [0x00000000a0000000,0x00000000a05f7268,0x00000000a5580000)
 Metaspace       used 17814K, capacity 18256K, committed 18432K, reserved 1064960K
  class space    used 2562K, capacity 2718K, committed 2816K, reserved 1048576K
}
Event: 3.408 GC heap before
{Heap before GC invocations=5 (full 0):
 PSYoungGen      total 38400K, used 17558K [0x00000000e0000000, 0x00000000e2a80000, 0x0000000100000000)
  eden space 33280K, 37% used [0x00000000e0000000,0x00000000e0c2d7b8,0x00000000e2080000)
  from space 5120K, 99% used [0x00000000e2580000,0x00000000e2a78060,0x00000000e2a80000)
  to   space 5120K, 0% used [0x00000000e2080000,0x00000000e2080000,0x00000000e2580000)
 ParOldGen       total 87552K, used 6108K [0x00000000a0000000, 0x00000000a5580000, 0x00000000e0000000)
  object space 87552K, 6% used [0x00000000a0000000,0x00000000a05f7268,0x00000000a5580000)
 Metaspace       used 20820K, capacity 21200K, committed 21248K, reserved 1067008K
  class space    used 2901K, capacity 3038K, committed 3072K, reserved 1048576K
Event: 3.413 GC heap after
Heap after GC invocations=5 (full 0):
 PSYoungGen      total 38400K, used 5088K [0x00000000e0000000, 0x00000000e2a80000, 0x0000000100000000)
  eden space 33280K, 0% used [0x00000000e0000000,0x00000000e0000000,0x00000000e2080000)
  from space 5120K, 99% used [0x00000000e2080000,0x00000000e2578050,0x00000000e2580000)
  to   space 5120K, 0% used [0x00000000e2580000,0x00000000e2580000,0x00000000e2a80000)
 ParOldGen       total 87552K, used 8501K [0x00000000a0000000, 0x00000000a5580000, 0x00000000e0000000)
  object space 87552K, 9% used [0x00000000a0000000,0x00000000a084d600,0x00000000a5580000)
 Metaspace       used 20820K, capacity 21200K, committed 21248K, reserved 1067008K
  class space    used 2901K, capacity 3038K, committed 3072K, reserved 1048576K
}
Event: 3.413 GC heap before
{Heap before GC invocations=6 (full 1):
 PSYoungGen      total 38400K, used 5088K [0x00000000e0000000, 0x00000000e2a80000, 0x0000000100000000)
  eden space 33280K, 0% used [0x00000000e0000000,0x00000000e0000000,0x00000000e2080000)
  from space 5120K, 99% used [0x00000000e2080000,0x00000000e2578050,0x00000000e2580000)
  to   space 5120K, 0% used [0x00000000e2580000,0x00000000e2580000,0x00000000e2a80000)
 ParOldGen       total 87552K, used 8501K [0x00000000a0000000, 0x00000000a5580000, 0x00000000e0000000)
  object space 87552K, 9% used [0x00000000a0000000,0x00000000a084d600,0x00000000a5580000)
 Metaspace       used 20820K, capacity 21200K, committed 21248K, reserved 1067008K
  class space    used 2901K, capacity 3038K, committed 3072K, reserved 1048576K
Event: 3.442 GC heap after
Heap after GC invocations=6 (full 1):
 PSYoungGen      total 38400K, used 0K [0x00000000e0000000, 0x00000000e2a80000, 0x0000000100000000)
  eden space 33280K, 0% used [0x00000000e0000000,0x00000000e0000000,0x00000000e2080000)
  from space 5120K, 0% used [0x00000000e2080000,0x00000000e2080000,0x00000000e2580000)
  to   space 5120K, 0% used [0x00000000e2580000,0x00000000e2580000,0x00000000e2a80000)
 ParOldGen       total 59904K, used 7880K [0x00000000a0000000, 0x00000000a3a80000, 0x00000000e0000000)
  object space 59904K, 13% used [0x00000000a0000000,0x00000000a07b2050,0x00000000a3a80000)
 Metaspace       used 20820K, capacity 21200K, committed 21248K, reserved 1067008K
  class space    used 2901K, capacity 3038K, committed 3072K, reserved 1048576K
}
Event: 3.955 GC heap before
{Heap before GC invocations=7 (full 1):
 PSYoungGen      total 38400K, used 33280K [0x00000000e0000000, 0x00000000e2a80000, 0x0000000100000000)
  eden space 33280K, 100% used [0x00000000e0000000,0x00000000e2080000,0x00000000e2080000)
  from space 5120K, 0% used [0x00000000e2080000,0x00000000e2080000,0x00000000e2580000)
  to   space 5120K, 0% used [0x00000000e2580000,0x00000000e2580000,0x00000000e2a80000)
 ParOldGen       total 59904K, used 7880K [0x00000000a0000000, 0x00000000a3a80000, 0x00000000e0000000)
  object space 59904K, 13% used [0x00000000a0000000,0x00000000a07b2050,0x00000000a3a80000)
 Metaspace       used 24157K, capacity 24640K, committed 24832K, reserved 1071104K
  class space    used 3325K, capacity 3495K, committed 3584K, reserved 1048576K
Event: 3.959 GC heap after
Heap after GC invocations=7 (full 1):
 PSYoungGen      total 38400K, used 4159K [0x00000000e0000000, 0x00000000e2a80000, 0x0000000100000000)
  eden space 33280K, 0% used [0x00000000e0000000,0x00000000e0000000,0x00000000e2080000)
  from space 5120K, 81% used [0x00000000e2580000,0x00000000e298ffe8,0x00000000e2a80000)
  to   space 5120K, 0% used [0x00000000e2080000,0x00000000e2080000,0x00000000e2580000)
 ParOldGen       total 59904K, used 7888K [0x00000000a0000000, 0x00000000a3a80000, 0x00000000e0000000)
  object space 59904K, 13% used [0x00000000a0000000,0x00000000a07b4050,0x00000000a3a80000)
 Metaspace       used 24157K, capacity 24640K, committed 24832K, reserved 1071104K
  class space    used 3325K, capacity 3495K, committed 3584K, reserved 1048576K
}

Deoptimization events (10 events):
Event: 3.584 Thread 0x000000001ad11000 Uncommon trap: reason=class_check action=maybe_recompile pc=0x0000000003595e98 method=sun.misc.URLClassPath.getLoader(I)Lsun/misc/URLClassPath$Loader; @ 239
Event: 3.592 Thread 0x000000001ad11000 Uncommon trap: reason=class_check action=maybe_recompile pc=0x0000000003595e98 method=sun.misc.URLClassPath.getLoader(I)Lsun/misc/URLClassPath$Loader; @ 239
Event: 3.795 Thread 0x000000001ad11000 Uncommon trap: reason=unstable_if action=reinterpret pc=0x00000000037db460 method=java.util.HashMap.hash(Ljava/lang/Object;)I @ 1
Event: 3.795 Thread 0x000000001ad11000 Uncommon trap: reason=unstable_if action=reinterpret pc=0x00000000036e46a8 method=java.util.HashMap.hash(Ljava/lang/Object;)I @ 1
Event: 3.878 Thread 0x000000001ad11000 Uncommon trap: reason=unstable_if action=reinterpret pc=0x00000000037bf4bc method=java.util.HashMap.getNode(ILjava/lang/Object;)Ljava/util/HashMap$Node; @ 53
Event: 3.878 Thread 0x000000001ad11000 Uncommon trap: reason=unstable_if action=reinterpret pc=0x00000000036bb3f0 method=java.util.HashMap.hash(Ljava/lang/Object;)I @ 1
Event: 3.878 Thread 0x000000001ad11000 Uncommon trap: reason=unstable_if action=reinterpret pc=0x0000000003807194 method=java.util.HashMap.putVal(ILjava/lang/Object;Ljava/lang/Object;ZZ)Ljava/lang/Object; @ 85
Event: 3.931 Thread 0x000000001ad11000 Uncommon trap: reason=class_check action=maybe_recompile pc=0x0000000003963000 method=java.lang.reflect.Method.equals(Ljava/lang/Object;)Z @ 5
Event: 3.933 Thread 0x000000001ad11000 Uncommon trap: reason=class_check action=maybe_recompile pc=0x0000000003963000 method=java.lang.reflect.Method.equals(Ljava/lang/Object;)Z @ 5
Event: 3.959 Thread 0x00000000033c7000 Uncommon trap: reason=unstable_if action=reinterpret pc=0x00000000039123b8 method=java.lang.ref.Reference.tryHandlePending(Z)Z @ 104

Classes redefined (0 events):
No events

Internal exceptions (10 events):
Event: 3.662 Thread 0x000000001ad11000 Exception <a 'java/lang/ClassNotFoundException': org/gradle/api/internal/project/AbstractPluginAwareCustomizer> (0x00000000e0d8f0b0) thrown at [D:\src\AOSP-openjdk-cygwin\jdk8u\hotspot\src\share\vm\classfile\systemDictionary.cpp, line 210]
Event: 3.663 Thread 0x000000001ad11000 Exception <a 'java/lang/ClassNotFoundException': org/gradle/initialization/DefaultSettingsCustomizer> (0x00000000e0dbaea8) thrown at [D:\src\AOSP-openjdk-cygwin\jdk8u\hotspot\src\share\vm\classfile\systemDictionary.cpp, line 210]
Event: 3.665 Thread 0x000000001ad11000 Exception <a 'java/lang/ClassNotFoundException': org/gradle/initialization/DefaultSettings_DecoratedCustomizer> (0x00000000e0e16d48) thrown at [D:\src\AOSP-openjdk-cygwin\jdk8u\hotspot\src\share\vm\classfile\systemDictionary.cpp, line 210]
Event: 3.675 Thread 0x000000001ad11000 Exception <a 'java/lang/NoSuchMethodError': <clinit>> (0x00000000e0ecc528) thrown at [D:\src\AOSP-openjdk-cygwin\jdk8u\hotspot\src\share\vm\prims\jni.cpp, line 1613]
Event: 3.676 Thread 0x000000001ad11000 Exception <a 'java/lang/NoSuchMethodError': <clinit>> (0x00000000e0ef1db0) thrown at [D:\src\AOSP-openjdk-cygwin\jdk8u\hotspot\src\share\vm\prims\jni.cpp, line 1613]
Event: 3.676 Thread 0x000000001ad11000 Exception <a 'java/lang/NoSuchMethodError': <clinit>> (0x00000000e0ef3268) thrown at [D:\src\AOSP-openjdk-cygwin\jdk8u\hotspot\src\share\vm\prims\jni.cpp, line 1613]
Event: 3.677 Thread 0x000000001ad11000 Exception <a 'java/lang/NoSuchMethodError': <clinit>> (0x00000000e0ef4fc8) thrown at [D:\src\AOSP-openjdk-cygwin\jdk8u\hotspot\src\share\vm\prims\jni.cpp, line 1613]
Event: 3.795 Thread 0x000000001ad11000 Implicit null exception at 0x00000000037db255 to 0x00000000037db451
Event: 3.795 Thread 0x000000001ad11000 Implicit null exception at 0x00000000036e462f to 0x00000000036e4699
Event: 3.878 Thread 0x000000001ad11000 Implicit null exception at 0x00000000036bb358 to 0x00000000036bb3e6

Events (10 events):
Event: 3.980 loading class org/gradle/model/internal/manage/schema/extract/ModelSchemaUtils$1
Event: 3.980 loading class org/gradle/model/internal/manage/schema/extract/ModelSchemaUtils$1 done
Event: 3.980 loading class org/gradle/internal/reflect/Types
Event: 3.980 loading class org/gradle/internal/reflect/Types done
Event: 3.981 loading class org/gradle/internal/reflect/GroovyMethods
Event: 3.981 loading class org/gradle/internal/reflect/GroovyMethods done
Event: 3.981 loading class org/gradle/internal/reflect/GroovyMethods$1
Event: 3.981 loading class org/gradle/internal/reflect/GroovyMethods$1 done
Event: 3.981 loading class com/google/common/collect/Iterables$8
Event: 3.981 loading class com/google/common/collect/Iterables$8 done


Dynamic libraries:
0x00007ff664790000 - 0x00007ff6647c1000 	C:\Program Files\Android\Android Studio\jre\bin\java.exe
0x00007ffcdb540000 - 0x00007ffcdb730000 	C:\WINDOWS\SYSTEM32\ntdll.dll
0x00007ffcda250000 - 0x00007ffcda302000 	C:\WINDOWS\System32\KERNEL32.DLL
0x00007ffcd8dd0000 - 0x00007ffcd9073000 	C:\WINDOWS\System32\KERNELBASE.dll
0x00007ffcd9a10000 - 0x00007ffcd9ab3000 	C:\WINDOWS\System32\ADVAPI32.dll
0x00007ffcdb460000 - 0x00007ffcdb4fe000 	C:\WINDOWS\System32\msvcrt.dll
0x00007ffcd9d40000 - 0x00007ffcd9dd7000 	C:\WINDOWS\System32\sechost.dll
0x00007ffcd9ac0000 - 0x00007ffcd9be0000 	C:\WINDOWS\System32\RPCRT4.dll
0x00007ffcda760000 - 0x00007ffcda8f4000 	C:\WINDOWS\System32\USER32.dll
0x00007ffcd8c50000 - 0x00007ffcd8c71000 	C:\WINDOWS\System32\win32u.dll
0x00007ffcdaff0000 - 0x00007ffcdb016000 	C:\WINDOWS\System32\GDI32.dll
0x00007ffcd9370000 - 0x00007ffcd9504000 	C:\WINDOWS\System32\gdi32full.dll
0x00007ffcd91b0000 - 0x00007ffcd924e000 	C:\WINDOWS\System32\msvcp_win.dll
0x00007ffcd9080000 - 0x00007ffcd917a000 	C:\WINDOWS\System32\ucrtbase.dll
0x00007ffcc4ab0000 - 0x00007ffcc4d35000 	C:\WINDOWS\WinSxS\amd64_microsoft.windows.common-controls_6595b64144ccf1df_6.0.18362.535_none_e6c3b34713100821\COMCTL32.dll
0x00007ffcdb020000 - 0x00007ffcdb356000 	C:\WINDOWS\System32\combase.dll
0x00007ffcd9570000 - 0x00007ffcd95f0000 	C:\WINDOWS\System32\bcryptPrimitives.dll
0x00007ffcda3f0000 - 0x00007ffcda41e000 	C:\WINDOWS\System32\IMM32.DLL
0x0000000066a10000 - 0x0000000066ae2000 	C:\Program Files\Android\Android Studio\jre\jre\bin\msvcr100.dll
0x0000000065d60000 - 0x000000006659f000 	C:\Program Files\Android\Android Studio\jre\jre\bin\server\jvm.dll
0x00007ffcda310000 - 0x00007ffcda318000 	C:\WINDOWS\System32\PSAPI.DLL
0x00007ffcd11e0000 - 0x00007ffcd11ea000 	C:\WINDOWS\SYSTEM32\VERSION.dll
0x00007ffccccc0000 - 0x00007ffccccc9000 	C:\WINDOWS\SYSTEM32\WSOCK32.dll
0x00007ffcd54d0000 - 0x00007ffcd54f4000 	C:\WINDOWS\SYSTEM32\WINMM.dll
0x00007ffcd54a0000 - 0x00007ffcd54cd000 	C:\WINDOWS\SYSTEM32\WINMMBASE.dll
0x00007ffcd9320000 - 0x00007ffcd936a000 	C:\WINDOWS\System32\cfgmgr32.dll
0x00007ffcdb3c0000 - 0x00007ffcdb42f000 	C:\WINDOWS\System32\WS2_32.dll
0x00007ffcd5e80000 - 0x00007ffcd5e8f000 	C:\Program Files\Android\Android Studio\jre\jre\bin\verify.dll
0x00007ffccee00000 - 0x00007ffccee29000 	C:\Program Files\Android\Android Studio\jre\jre\bin\java.dll
0x00007ffcced30000 - 0x00007ffcced46000 	C:\Program Files\Android\Android Studio\jre\jre\bin\zip.dll
0x00007ffcda900000 - 0x00007ffcdafe5000 	C:\WINDOWS\System32\SHELL32.dll
0x00007ffcd9950000 - 0x00007ffcd99f9000 	C:\WINDOWS\System32\shcore.dll
0x00007ffcd84d0000 - 0x00007ffcd8c4f000 	C:\WINDOWS\System32\windows.storage.dll
0x00007ffcd8490000 - 0x00007ffcd84af000 	C:\WINDOWS\System32\profapi.dll
0x00007ffcd8440000 - 0x00007ffcd848a000 	C:\WINDOWS\System32\powrprof.dll
0x00007ffcd8410000 - 0x00007ffcd8420000 	C:\WINDOWS\System32\UMPDC.dll
0x00007ffcda550000 - 0x00007ffcda5a2000 	C:\WINDOWS\System32\shlwapi.dll
0x00007ffcd8420000 - 0x00007ffcd8431000 	C:\WINDOWS\System32\kernel.appcore.dll
0x00007ffcd9300000 - 0x00007ffcd9317000 	C:\WINDOWS\System32\cryptsp.dll
0x00007ffcced10000 - 0x00007ffcced2a000 	C:\Program Files\Android\Android Studio\jre\jre\bin\net.dll
0x00007ffcd7c20000 - 0x00007ffcd7c87000 	C:\WINDOWS\system32\mswsock.dll
0x00007ffcceb70000 - 0x00007ffcceb81000 	C:\Program Files\Android\Android Studio\jre\jre\bin\nio.dll
0x00007ffcc15c0000 - 0x00007ffcc15de000 	C:\Users\coc\.gradle\native\25\windows-amd64\native-platform.dll
0x00007ffcd5df0000 - 0x00007ffcd5dfd000 	C:\Program Files\Android\Android Studio\jre\jre\bin\management.dll
0x00007ffcd7790000 - 0x00007ffcd77c3000 	C:\WINDOWS\system32\rsaenh.dll
0x00007ffcd9180000 - 0x00007ffcd91a6000 	C:\WINDOWS\System32\bcrypt.dll
0x00007ffcd8330000 - 0x00007ffcd8355000 	C:\WINDOWS\SYSTEM32\USERENV.dll
0x00007ffcd7df0000 - 0x00007ffcd7dfc000 	C:\WINDOWS\SYSTEM32\CRYPTBASE.dll
0x00007ffcd7930000 - 0x00007ffcd796a000 	C:\WINDOWS\SYSTEM32\IPHLPAPI.DLL
0x00007ffcdb450000 - 0x00007ffcdb458000 	C:\WINDOWS\System32\NSI.dll
0x00007ffccfeb0000 - 0x00007ffccfec6000 	C:\WINDOWS\SYSTEM32\dhcpcsvc6.DLL
0x00007ffccff30000 - 0x00007ffccff4c000 	C:\WINDOWS\SYSTEM32\dhcpcsvc.DLL
0x00007ffcd7970000 - 0x00007ffcd7a3a000 	C:\WINDOWS\SYSTEM32\DNSAPI.dll

VM Arguments:
jvm_args: -Xmx1536m -Dfile.encoding=x-windows-874 -Duser.country=US -Duser.language=en -Duser.variant 
java_command: org.gradle.launcher.daemon.bootstrap.GradleDaemon 4.4
java_class_path (initial): C:\Users\coc\.gradle\wrapper\dists\gradle-4.4-all\9br9xq1tocpiv8o6njlyu5op1\gradle-4.4\lib\gradle-launcher-4.4.jar
Launcher Type: SUN_STANDARD

Environment Variables:
JAVA_HOME=C:\Program Files\Java\jdk1.8.0_144
PATH=C:\Ruby24-x64\bin;C:\Program Files (x86)\Python37-32\Scripts\;C:\Program Files (x86)\Python37-32\;C:\WinAVR-20100110\bin;C:\WinAVR-20100110\utils\bin;C:\ProgramData\Oracle\Java\javapath;C:\WINDOWS\system32;C:\WINDOWS;C:\WINDOWS\System32\Wbem;C:\WINDOWS\System32\WindowsPowerShell\v1.0\;C:\Program Files\MATLAB\R2014a\runtime\win64;C:\Program Files\MATLAB\R2014a\bin;C:\Program Files\MATLAB\R2014a\polyspace\bin;C:\Program Files (x86)\Microsoft SQL Server\100\Tools\Binn\;C:\Program Files\Microsoft SQL Server\100\Tools\Binn\;C:\Program Files\Microsoft SQL Server\100\DTS\Binn\;C:\Program Files\Java\jdk1.8.0_144\bin;C:\Program Files (x86)\VideoLAN\VLC;C:\cygwin64\bin;C:\Program Files\node;C:\Program Files\node\node_modules\npm\bin;C:\Program Files\Docker Toolbox;C:\Program Files\Microsoft VS Code\bin;C:\WINDOWS\System32\OpenSSH\;C:\Program Files\nodejs\;C:\Program Files\Git\cmd;C:\Program Files (x86)\Yarn\bin\;C:\Users\coc\AppData\Roaming\npm;C:\Android\sdk\tools;C:\Android\sdk\tools\bin;C:\Android\sdk\platform-tools;C:\Users\coc\AppData\Local\Microsoft\WindowsApps;
USERNAME=coc
OS=Windows_NT
PROCESSOR_IDENTIFIER=Intel64 Family 6 Model 60 Stepping 3, GenuineIntel



---------------  S Y S T E M  ---------------

OS: Windows 10.0 , 64 bit Build 18362 (10.0.18362.329)

CPU:total 8 (initial active 8) (4 cores per cpu, 2 threads per core) family 6 model 60 stepping 3, cmov, cx8, fxsr, mmx, sse, sse2, sse3, ssse3, sse4.1, sse4.2, popcnt, avx, avx2, clmul, erms, lzcnt, ht, tsc, tscinvbit, bmi1, bmi2

Memory: 4k page, physical 8261292k(658652k free), swap 8261292k(6112k free)

vm_info: OpenJDK 64-Bit Server VM (25.152-b02) for windows-amd64 JRE (1.8.0_152-release-1024-b02), built by "builder" with MS VC++ 10.0 (VS2010)

time: Sat Jan 18 15:52:48 2020
elapsed time: 3 seconds (0d 0h 0m 3s)

